<?xml version="1.0" encoding="UTF-8"?>
<testng-results ignored="1" total="3" passed="2" failed="0" skipped="0">
  <reporter-output>
  </reporter-output>
  <suite started-at="2019-08-09T12:17:17Z" name="Default suite" finished-at="2019-08-09T12:19:45Z" duration-ms="148270">
    <groups>
    </groups>
    <test started-at="2019-08-09T12:17:17Z" name="Default test" finished-at="2019-08-09T12:19:45Z" duration-ms="148270">
      <class name="test.gearsay.com.NewTest">
        <test-method is-config="true" signature="URL()[pri:0, instance:test.gearsay.com.NewTest@22fcf7ab]" started-at="2019-08-09T12:17:17Z" name="URL" finished-at="2019-08-09T12:17:32Z" duration-ms="15417" status="PASS">
          <reporter-output>
          </reporter-output>
        </test-method> <!-- URL -->
        <test-method signature="SignupLoginFunctionality()[pri:2, instance:test.gearsay.com.NewTest@22fcf7ab]" started-at="2019-08-09T12:17:33Z" name="SignupLoginFunctionality" finished-at="2019-08-09T12:18:19Z" duration-ms="45676" status="PASS">
          <reporter-output>
          </reporter-output>
        </test-method> <!-- SignupLoginFunctionality -->
        <test-method signature="editTeamBrandCard()[pri:2, instance:test.gearsay.com.NewTest@22fcf7ab]" started-at="2019-08-09T12:18:19Z" name="editTeamBrandCard" finished-at="2019-08-09T12:19:45Z" duration-ms="86584" status="PASS">
          <reporter-output>
          </reporter-output>
        </test-method> <!-- editTeamBrandCard -->
      </class> <!-- test.gearsay.com.NewTest -->
    </test> <!-- Default test -->
  </suite> <!-- Default suite -->
</testng-results>
